[2022-03-05 02:52:16] local.ERROR: No application encryption key has been specified. {"exception":"[object] (Illuminate\\Encryption\\MissingAppKeyException(code: 0): No application encryption key has been specified. at /var/html/pratica/vendor/laravel/framework/src/Illuminate/Encryption/EncryptionServiceProvider.php:79)
[stacktrace]
#0 /var/html/pratica/vendor/laravel/framework/src/Illuminate/Support/helpers.php(302): Illuminate\\Encryption\\EncryptionServiceProvider->Illuminate\\Encryption\\{closure}()
#1 /var/html/pratica/vendor/laravel/framework/src/Illuminate/Encryption/EncryptionServiceProvider.php(81): tap()
#2 /var/html/pratica/vendor/laravel/framework/src/Illuminate/Encryption/EncryptionServiceProvider.php(60): Illuminate\\Encryption\\EncryptionServiceProvider->key()
#3 /var/html/pratica/vendor/laravel/framework/src/Illuminate/Encryption/EncryptionServiceProvider.php(32): Illuminate\\Encryption\\EncryptionServiceProvider->parseKey()
#4 /var/html/pratica/vendor/laravel/framework/src/Illuminate/Container/Container.php(873): Illuminate\\Encryption\\EncryptionServiceProvider->Illuminate\\Encryption\\{closure}()
#5 /var/html/pratica/vendor/laravel/framework/src/Illuminate/Container/Container.php(758): Illuminate\\Container\\Container->build()
#6 /var/html/pratica/vendor/laravel/framework/src/Illuminate/Foundation/Application.php(855): Illuminate\\Container\\Container->resolve()
#7 /var/html/pratica/vendor/laravel/framework/src/Illuminate/Container/Container.php(694): Illuminate\\Foundation\\Application->resolve()
#8 /var/html/pratica/vendor/laravel/framework/src/Illuminate/Foundation/Application.php(840): Illuminate\\Container\\Container->make()
#9 /var/html/pratica/vendor/laravel/framework/src/Illuminate/Container/Container.php(1027): Illuminate\\Foundation\\Application->make()
#10 /var/html/pratica/vendor/laravel/framework/src/Illuminate/Container/Container.php(947): Illuminate\\Container\\Container->resolveClass()
#11 /var/html/pratica/vendor/laravel/framework/src/Illuminate/Container/Container.php(908): Illuminate\\Container\\Container->resolveDependencies()
#12 /var/html/pratica/vendor/laravel/framework/src/Illuminate/Container/Container.php(758): Illuminate\\Container\\Container->build()
#13 /var/html/pratica/vendor/laravel/framework/src/Illuminate/Foundation/Application.php(855): Illuminate\\Container\\Container->resolve()
#14 /var/html/pratica/vendor/laravel/framework/src/Illuminate/Container/Container.php(694): Illuminate\\Foundation\\Application->resolve()
#15 /var/html/pratica/vendor/laravel/framework/src/Illuminate/Foundation/Application.php(840): Illuminate\\Container\\Container->make()
#16 /var/html/pratica/vendor/laravel/framework/src/Illuminate/Pipeline/Pipeline.php(169): Illuminate\\Foundation\\Application->make()
#17 /var/html/pratica/vendor/laravel/framework/src/Illuminate/Pipeline/Pipeline.php(116): Illuminate\\Pipeline\\Pipeline->Illuminate\\Pipeline\\{closure}()
#18 /var/html/pratica/vendor/laravel/framework/src/Illuminate/Routing/Router.php(727): Illuminate\\Pipeline\\Pipeline->then()
#19 /var/html/pratica/vendor/laravel/framework/src/Illuminate/Routing/Router.php(702): Illuminate\\Routing\\Router->runRouteWithinStack()
#20 /var/html/pratica/vendor/laravel/framework/src/Illuminate/Routing/Router.php(666): Illuminate\\Routing\\Router->runRoute()
#21 /var/html/pratica/vendor/laravel/framework/src/Illuminate/Routing/Router.php(655): Illuminate\\Routing\\Router->dispatchToRoute()
#22 /var/html/pratica/vendor/laravel/framework/src/Illuminate/Foundation/Http/Kernel.php(167): Illuminate\\Routing\\Router->dispatch()
#23 /var/html/pratica/vendor/laravel/framework/src/Illuminate/Pipeline/Pipeline.php(141): Illuminate\\Foundation\\Http\\Kernel->Illuminate\\Foundation\\Http\\{closure}()
#24 /var/html/pratica/vendor/laravel/framework/src/Illuminate/Foundation/Http/Middleware/TransformsRequest.php(21): Illuminate\\Pipeline\\Pipeline->Illuminate\\Pipeline\\{closure}()
#25 /var/html/pratica/vendor/laravel/framework/src/Illuminate/Foundation/Http/Middleware/ConvertEmptyStringsToNull.php(31): Illuminate\\Foundation\\Http\\Middleware\\TransformsRequest->handle()
#26 /var/html/pratica/vendor/laravel/framework/src/Illuminate/Pipeline/Pipeline.php(180): Illuminate\\Foundation\\Http\\Middleware\\ConvertEmptyStringsToNull->handle()
#27 /var/html/pratica/vendor/laravel/framework/src/Illuminate/Foundation/Http/Middleware/TransformsRequest.php(21): Illuminate\\Pipeline\\Pipeline->Illuminate\\Pipeline\\{closure}()
#28 /var/html/pratica/vendor/laravel/framework/src/Illuminate/Foundation/Http/Middleware/TrimStrings.php(40): Illuminate\\Foundation\\Http\\Middleware\\TransformsRequest->handle()
#29 /var/html/pratica/vendor/laravel/framework/src/Illuminate/Pipeline/Pipeline.php(180): Illuminate\\Foundation\\Http\\Middleware\\TrimStrings->handle()
#30 /var/html/pratica/vendor/laravel/framework/src/Illuminate/Foundation/Http/Middleware/ValidatePostSize.php(27): Illuminate\\Pipeline\\Pipeline->Illuminate\\Pipeline\\{closure}()
#31 /var/html/pratica/vendor/laravel/framework/src/Illuminate/Pipeline/Pipeline.php(180): Illuminate\\Foundation\\Http\\Middleware\\ValidatePostSize->handle()
#32 /var/html/pratica/vendor/laravel/framework/src/Illuminate/Foundation/Http/Middleware/PreventRequestsDuringMaintenance.php(86): Illuminate\\Pipeline\\Pipeline->Illuminate\\Pipeline\\{closure}()
#33 /var/html/pratica/vendor/laravel/framework/src/Illuminate/Pipeline/Pipeline.php(180): Illuminate\\Foundation\\Http\\Middleware\\PreventRequestsDuringMaintenance->handle()
#34 /var/html/pratica/vendor/laravel/framework/src/Illuminate/Http/Middleware/HandleCors.php(49): Illuminate\\Pipeline\\Pipeline->Illuminate\\Pipeline\\{closure}()
#35 /var/html/pratica/vendor/laravel/framework/src/Illuminate/Pipeline/Pipeline.php(180): Illuminate\\Http\\Middleware\\HandleCors->handle()
#36 /var/html/pratica/vendor/laravel/framework/src/Illuminate/Http/Middleware/TrustProxies.php(39): Illuminate\\Pipeline\\Pipeline->Illuminate\\Pipeline\\{closure}()
#37 /var/html/pratica/vendor/laravel/framework/src/Illuminate/Pipeline/Pipeline.php(180): Illuminate\\Http\\Middleware\\TrustProxies->handle()
#38 /var/html/pratica/vendor/laravel/framework/src/Illuminate/Pipeline/Pipeline.php(116): Illuminate\\Pipeline\\Pipeline->Illuminate\\Pipeline\\{closure}()
#39 /var/html/pratica/vendor/laravel/framework/src/Illuminate/Foundation/Http/Kernel.php(142): Illuminate\\Pipeline\\Pipeline->then()
#40 /var/html/pratica/vendor/laravel/framework/src/Illuminate/Foundation/Http/Kernel.php(111): Illuminate\\Foundation\\Http\\Kernel->sendRequestThroughRouter()
#41 /var/html/pratica/public/index.php(52): Illuminate\\Foundation\\Http\\Kernel->handle()
#42 /var/html/pratica/vendor/laravel/framework/src/Illuminate/Foundation/resources/server.php(16): require_once('...')
#43 {main}
"} 
[2022-03-05 02:52:16] local.ERROR: No application encryption key has been specified. {"exception":"[object] (Illuminate\\Encryption\\MissingAppKeyException(code: 0): No application encryption key has been specified. at /var/html/pratica/vendor/laravel/framework/src/Illuminate/Encryption/EncryptionServiceProvider.php:79)
[stacktrace]
#0 /var/html/pratica/vendor/laravel/framework/src/Illuminate/Support/helpers.php(302): Illuminate\\Encryption\\EncryptionServiceProvider->Illuminate\\Encryption\\{closure}()
#1 /var/html/pratica/vendor/laravel/framework/src/Illuminate/Encryption/EncryptionServiceProvider.php(81): tap()
#2 /var/html/pratica/vendor/laravel/framework/src/Illuminate/Encryption/EncryptionServiceProvider.php(60): Illuminate\\Encryption\\EncryptionServiceProvider->key()
#3 /var/html/pratica/vendor/laravel/framework/src/Illuminate/Encryption/EncryptionServiceProvider.php(32): Illuminate\\Encryption\\EncryptionServiceProvider->parseKey()
#4 /var/html/pratica/vendor/laravel/framework/src/Illuminate/Container/Container.php(873): Illuminate\\Encryption\\EncryptionServiceProvider->Illuminate\\Encryption\\{closure}()
#5 /var/html/pratica/vendor/laravel/framework/src/Illuminate/Container/Container.php(758): Illuminate\\Container\\Container->build()
#6 /var/html/pratica/vendor/laravel/framework/src/Illuminate/Foundation/Application.php(855): Illuminate\\Container\\Container->resolve()
#7 /var/html/pratica/vendor/laravel/framework/src/Illuminate/Container/Container.php(694): Illuminate\\Foundation\\Application->resolve()
#8 /var/html/pratica/vendor/laravel/framework/src/Illuminate/Foundation/Application.php(840): Illuminate\\Container\\Container->make()
#9 /var/html/pratica/vendor/laravel/framework/src/Illuminate/Container/Container.php(1027): Illuminate\\Foundation\\Application->make()
#10 /var/html/pratica/vendor/laravel/framework/src/Illuminate/Container/Container.php(947): Illuminate\\Container\\Container->resolveClass()
#11 /var/html/pratica/vendor/laravel/framework/src/Illuminate/Container/Container.php(908): Illuminate\\Container\\Container->resolveDependencies()
#12 /var/html/pratica/vendor/laravel/framework/src/Illuminate/Container/Container.php(758): Illuminate\\Container\\Container->build()
#13 /var/html/pratica/vendor/laravel/framework/src/Illuminate/Foundation/Application.php(855): Illuminate\\Container\\Container->resolve()
#14 /var/html/pratica/vendor/laravel/framework/src/Illuminate/Container/Container.php(694): Illuminate\\Foundation\\Application->resolve()
#15 /var/html/pratica/vendor/laravel/framework/src/Illuminate/Foundation/Application.php(840): Illuminate\\Container\\Container->make()
#16 /var/html/pratica/vendor/laravel/framework/src/Illuminate/Foundation/Http/Kernel.php(206): Illuminate\\Foundation\\Application->make()
#17 /var/html/pratica/vendor/laravel/framework/src/Illuminate/Foundation/Http/Kernel.php(180): Illuminate\\Foundation\\Http\\Kernel->terminateMiddleware()
#18 /var/html/pratica/public/index.php(55): Illuminate\\Foundation\\Http\\Kernel->terminate()
#19 /var/html/pratica/vendor/laravel/framework/src/Illuminate/Foundation/resources/server.php(16): require_once('...')
#20 {main}
"} 
[2022-03-05 03:19:33] local.ERROR: Target class [UsuarioController] does not exist. {"exception":"[object] (Illuminate\\Contracts\\Container\\BindingResolutionException(code: 0): Target class [UsuarioController] does not exist. at /var/html/pratica/vendor/laravel/framework/src/Illuminate/Container/Container.php:879)
[stacktrace]
#0 /var/html/pratica/vendor/laravel/framework/src/Illuminate/Container/Container.php(758): Illuminate\\Container\\Container->build()
#1 /var/html/pratica/vendor/laravel/framework/src/Illuminate/Foundation/Application.php(855): Illuminate\\Container\\Container->resolve()
#2 /var/html/pratica/vendor/laravel/framework/src/Illuminate/Container/Container.php(694): Illuminate\\Foundation\\Application->resolve()
#3 /var/html/pratica/vendor/laravel/framework/src/Illuminate/Foundation/Application.php(840): Illuminate\\Container\\Container->make()
#4 /var/html/pratica/vendor/laravel/framework/src/Illuminate/Routing/Route.php(275): Illuminate\\Foundation\\Application->make()
#5 /var/html/pratica/vendor/laravel/framework/src/Illuminate/Routing/Route.php(1071): Illuminate\\Routing\\Route->getController()
#6 /var/html/pratica/vendor/laravel/framework/src/Illuminate/Routing/Route.php(1014): Illuminate\\Routing\\Route->controllerMiddleware()
#7 /var/html/pratica/vendor/laravel/framework/src/Illuminate/Routing/Router.php(738): Illuminate\\Routing\\Route->gatherMiddleware()
#8 /var/html/pratica/vendor/laravel/framework/src/Illuminate/Routing/Router.php(718): Illuminate\\Routing\\Router->gatherRouteMiddleware()
#9 /var/html/pratica/vendor/laravel/framework/src/Illuminate/Routing/Router.php(702): Illuminate\\Routing\\Router->runRouteWithinStack()
#10 /var/html/pratica/vendor/laravel/framework/src/Illuminate/Routing/Router.php(666): Illuminate\\Routing\\Router->runRoute()
#11 /var/html/pratica/vendor/laravel/framework/src/Illuminate/Routing/Router.php(655): Illuminate\\Routing\\Router->dispatchToRoute()
#12 /var/html/pratica/vendor/laravel/framework/src/Illuminate/Foundation/Http/Kernel.php(167): Illuminate\\Routing\\Router->dispatch()
#13 /var/html/pratica/vendor/laravel/framework/src/Illuminate/Pipeline/Pipeline.php(141): Illuminate\\Foundation\\Http\\Kernel->Illuminate\\Foundation\\Http\\{closure}()
#14 /var/html/pratica/vendor/laravel/framework/src/Illuminate/Foundation/Http/Middleware/TransformsRequest.php(21): Illuminate\\Pipeline\\Pipeline->Illuminate\\Pipeline\\{closure}()
#15 /var/html/pratica/vendor/laravel/framework/src/Illuminate/Foundation/Http/Middleware/ConvertEmptyStringsToNull.php(31): Illuminate\\Foundation\\Http\\Middleware\\TransformsRequest->handle()
#16 /var/html/pratica/vendor/laravel/framework/src/Illuminate/Pipeline/Pipeline.php(180): Illuminate\\Foundation\\Http\\Middleware\\ConvertEmptyStringsToNull->handle()
#17 /var/html/pratica/vendor/laravel/framework/src/Illuminate/Foundation/Http/Middleware/TransformsRequest.php(21): Illuminate\\Pipeline\\Pipeline->Illuminate\\Pipeline\\{closure}()
#18 /var/html/pratica/vendor/laravel/framework/src/Illuminate/Foundation/Http/Middleware/TrimStrings.php(40): Illuminate\\Foundation\\Http\\Middleware\\TransformsRequest->handle()
#19 /var/html/pratica/vendor/laravel/framework/src/Illuminate/Pipeline/Pipeline.php(180): Illuminate\\Foundation\\Http\\Middleware\\TrimStrings->handle()
#20 /var/html/pratica/vendor/laravel/framework/src/Illuminate/Foundation/Http/Middleware/ValidatePostSize.php(27): Illuminate\\Pipeline\\Pipeline->Illuminate\\Pipeline\\{closure}()
#21 /var/html/pratica/vendor/laravel/framework/src/Illuminate/Pipeline/Pipeline.php(180): Illuminate\\Foundation\\Http\\Middleware\\ValidatePostSize->handle()
#22 /var/html/pratica/vendor/laravel/framework/src/Illuminate/Foundation/Http/Middleware/PreventRequestsDuringMaintenance.php(86): Illuminate\\Pipeline\\Pipeline->Illuminate\\Pipeline\\{closure}()
#23 /var/html/pratica/vendor/laravel/framework/src/Illuminate/Pipeline/Pipeline.php(180): Illuminate\\Foundation\\Http\\Middleware\\PreventRequestsDuringMaintenance->handle()
#24 /var/html/pratica/vendor/laravel/framework/src/Illuminate/Http/Middleware/HandleCors.php(62): Illuminate\\Pipeline\\Pipeline->Illuminate\\Pipeline\\{closure}()
#25 /var/html/pratica/vendor/laravel/framework/src/Illuminate/Pipeline/Pipeline.php(180): Illuminate\\Http\\Middleware\\HandleCors->handle()
#26 /var/html/pratica/vendor/laravel/framework/src/Illuminate/Http/Middleware/TrustProxies.php(39): Illuminate\\Pipeline\\Pipeline->Illuminate\\Pipeline\\{closure}()
#27 /var/html/pratica/vendor/laravel/framework/src/Illuminate/Pipeline/Pipeline.php(180): Illuminate\\Http\\Middleware\\TrustProxies->handle()
#28 /var/html/pratica/vendor/laravel/framework/src/Illuminate/Pipeline/Pipeline.php(116): Illuminate\\Pipeline\\Pipeline->Illuminate\\Pipeline\\{closure}()
#29 /var/html/pratica/vendor/laravel/framework/src/Illuminate/Foundation/Http/Kernel.php(142): Illuminate\\Pipeline\\Pipeline->then()
#30 /var/html/pratica/vendor/laravel/framework/src/Illuminate/Foundation/Http/Kernel.php(111): Illuminate\\Foundation\\Http\\Kernel->sendRequestThroughRouter()
#31 /var/html/pratica/public/index.php(52): Illuminate\\Foundation\\Http\\Kernel->handle()
#32 /var/html/pratica/vendor/laravel/framework/src/Illuminate/Foundation/resources/server.php(16): require_once('...')
#33 {main}

[previous exception] [object] (ReflectionException(code: -1): Class \"UsuarioController\" does not exist at /var/html/pratica/vendor/laravel/framework/src/Illuminate/Container/Container.php:877)
[stacktrace]
#0 /var/html/pratica/vendor/laravel/framework/src/Illuminate/Container/Container.php(877): ReflectionClass->__construct()
#1 /var/html/pratica/vendor/laravel/framework/src/Illuminate/Container/Container.php(758): Illuminate\\Container\\Container->build()
#2 /var/html/pratica/vendor/laravel/framework/src/Illuminate/Foundation/Application.php(855): Illuminate\\Container\\Container->resolve()
#3 /var/html/pratica/vendor/laravel/framework/src/Illuminate/Container/Container.php(694): Illuminate\\Foundation\\Application->resolve()
#4 /var/html/pratica/vendor/laravel/framework/src/Illuminate/Foundation/Application.php(840): Illuminate\\Container\\Container->make()
#5 /var/html/pratica/vendor/laravel/framework/src/Illuminate/Routing/Route.php(275): Illuminate\\Foundation\\Application->make()
#6 /var/html/pratica/vendor/laravel/framework/src/Illuminate/Routing/Route.php(1071): Illuminate\\Routing\\Route->getController()
#7 /var/html/pratica/vendor/laravel/framework/src/Illuminate/Routing/Route.php(1014): Illuminate\\Routing\\Route->controllerMiddleware()
#8 /var/html/pratica/vendor/laravel/framework/src/Illuminate/Routing/Router.php(738): Illuminate\\Routing\\Route->gatherMiddleware()
#9 /var/html/pratica/vendor/laravel/framework/src/Illuminate/Routing/Router.php(718): Illuminate\\Routing\\Router->gatherRouteMiddleware()
#10 /var/html/pratica/vendor/laravel/framework/src/Illuminate/Routing/Router.php(702): Illuminate\\Routing\\Router->runRouteWithinStack()
#11 /var/html/pratica/vendor/laravel/framework/src/Illuminate/Routing/Router.php(666): Illuminate\\Routing\\Router->runRoute()
#12 /var/html/pratica/vendor/laravel/framework/src/Illuminate/Routing/Router.php(655): Illuminate\\Routing\\Router->dispatchToRoute()
#13 /var/html/pratica/vendor/laravel/framework/src/Illuminate/Foundation/Http/Kernel.php(167): Illuminate\\Routing\\Router->dispatch()
#14 /var/html/pratica/vendor/laravel/framework/src/Illuminate/Pipeline/Pipeline.php(141): Illuminate\\Foundation\\Http\\Kernel->Illuminate\\Foundation\\Http\\{closure}()
#15 /var/html/pratica/vendor/laravel/framework/src/Illuminate/Foundation/Http/Middleware/TransformsRequest.php(21): Illuminate\\Pipeline\\Pipeline->Illuminate\\Pipeline\\{closure}()
#16 /var/html/pratica/vendor/laravel/framework/src/Illuminate/Foundation/Http/Middleware/ConvertEmptyStringsToNull.php(31): Illuminate\\Foundation\\Http\\Middleware\\TransformsRequest->handle()
#17 /var/html/pratica/vendor/laravel/framework/src/Illuminate/Pipeline/Pipeline.php(180): Illuminate\\Foundation\\Http\\Middleware\\ConvertEmptyStringsToNull->handle()
#18 /var/html/pratica/vendor/laravel/framework/src/Illuminate/Foundation/Http/Middleware/TransformsRequest.php(21): Illuminate\\Pipeline\\Pipeline->Illuminate\\Pipeline\\{closure}()
#19 /var/html/pratica/vendor/laravel/framework/src/Illuminate/Foundation/Http/Middleware/TrimStrings.php(40): Illuminate\\Foundation\\Http\\Middleware\\TransformsRequest->handle()
#20 /var/html/pratica/vendor/laravel/framework/src/Illuminate/Pipeline/Pipeline.php(180): Illuminate\\Foundation\\Http\\Middleware\\TrimStrings->handle()
#21 /var/html/pratica/vendor/laravel/framework/src/Illuminate/Foundation/Http/Middleware/ValidatePostSize.php(27): Illuminate\\Pipeline\\Pipeline->Illuminate\\Pipeline\\{closure}()
#22 /var/html/pratica/vendor/laravel/framework/src/Illuminate/Pipeline/Pipeline.php(180): Illuminate\\Foundation\\Http\\Middleware\\ValidatePostSize->handle()
#23 /var/html/pratica/vendor/laravel/framework/src/Illuminate/Foundation/Http/Middleware/PreventRequestsDuringMaintenance.php(86): Illuminate\\Pipeline\\Pipeline->Illuminate\\Pipeline\\{closure}()
#24 /var/html/pratica/vendor/laravel/framework/src/Illuminate/Pipeline/Pipeline.php(180): Illuminate\\Foundation\\Http\\Middleware\\PreventRequestsDuringMaintenance->handle()
#25 /var/html/pratica/vendor/laravel/framework/src/Illuminate/Http/Middleware/HandleCors.php(62): Illuminate\\Pipeline\\Pipeline->Illuminate\\Pipeline\\{closure}()
#26 /var/html/pratica/vendor/laravel/framework/src/Illuminate/Pipeline/Pipeline.php(180): Illuminate\\Http\\Middleware\\HandleCors->handle()
#27 /var/html/pratica/vendor/laravel/framework/src/Illuminate/Http/Middleware/TrustProxies.php(39): Illuminate\\Pipeline\\Pipeline->Illuminate\\Pipeline\\{closure}()
#28 /var/html/pratica/vendor/laravel/framework/src/Illuminate/Pipeline/Pipeline.php(180): Illuminate\\Http\\Middleware\\TrustProxies->handle()
#29 /var/html/pratica/vendor/laravel/framework/src/Illuminate/Pipeline/Pipeline.php(116): Illuminate\\Pipeline\\Pipeline->Illuminate\\Pipeline\\{closure}()
#30 /var/html/pratica/vendor/laravel/framework/src/Illuminate/Foundation/Http/Kernel.php(142): Illuminate\\Pipeline\\Pipeline->then()
#31 /var/html/pratica/vendor/laravel/framework/src/Illuminate/Foundation/Http/Kernel.php(111): Illuminate\\Foundation\\Http\\Kernel->sendRequestThroughRouter()
#32 /var/html/pratica/public/index.php(52): Illuminate\\Foundation\\Http\\Kernel->handle()
#33 /var/html/pratica/vendor/laravel/framework/src/Illuminate/Foundation/resources/server.php(16): require_once('...')
#34 {main}
"} 
[2022-03-05 03:43:39] local.ERROR: could not find driver (SQL: select * from information_schema.tables where table_schema = laravel and table_name = migrations and table_type = 'BASE TABLE') {"exception":"[object] (Illuminate\\Database\\QueryException(code: 0): could not find driver (SQL: select * from information_schema.tables where table_schema = laravel and table_name = migrations and table_type = 'BASE TABLE') at /var/html/pratica/vendor/laravel/framework/src/Illuminate/Database/Connection.php:716)
[stacktrace]
#0 /var/html/pratica/vendor/laravel/framework/src/Illuminate/Database/Connection.php(676): Illuminate\\Database\\Connection->runQueryCallback()
#1 /var/html/pratica/vendor/laravel/framework/src/Illuminate/Database/Connection.php(376): Illuminate\\Database\\Connection->run()
#2 /var/html/pratica/vendor/laravel/framework/src/Illuminate/Database/Schema/MySqlBuilder.php(44): Illuminate\\Database\\Connection->select()
#3 /var/html/pratica/vendor/laravel/framework/src/Illuminate/Database/Migrations/DatabaseMigrationRepository.php(169): Illuminate\\Database\\Schema\\MySqlBuilder->hasTable()
#4 /var/html/pratica/vendor/laravel/framework/src/Illuminate/Database/Migrations/Migrator.php(673): Illuminate\\Database\\Migrations\\DatabaseMigrationRepository->repositoryExists()
#5 /var/html/pratica/vendor/laravel/framework/src/Illuminate/Database/Console/Migrations/MigrateCommand.php(106): Illuminate\\Database\\Migrations\\Migrator->repositoryExists()
#6 /var/html/pratica/vendor/laravel/framework/src/Illuminate/Database/Console/Migrations/MigrateCommand.php(77): Illuminate\\Database\\Console\\Migrations\\MigrateCommand->prepareDatabase()
#7 /var/html/pratica/vendor/laravel/framework/src/Illuminate/Database/Migrations/Migrator.php(606): Illuminate\\Database\\Console\\Migrations\\MigrateCommand->Illuminate\\Database\\Console\\Migrations\\{closure}()
#8 /var/html/pratica/vendor/laravel/framework/src/Illuminate/Database/Console/Migrations/MigrateCommand.php(94): Illuminate\\Database\\Migrations\\Migrator->usingConnection()
#9 /var/html/pratica/vendor/laravel/framework/src/Illuminate/Container/BoundMethod.php(36): Illuminate\\Database\\Console\\Migrations\\MigrateCommand->handle()
#10 /var/html/pratica/vendor/laravel/framework/src/Illuminate/Container/Util.php(41): Illuminate\\Container\\BoundMethod::Illuminate\\Container\\{closure}()
#11 /var/html/pratica/vendor/laravel/framework/src/Illuminate/Container/BoundMethod.php(93): Illuminate\\Container\\Util::unwrapIfClosure()
#12 /var/html/pratica/vendor/laravel/framework/src/Illuminate/Container/BoundMethod.php(37): Illuminate\\Container\\BoundMethod::callBoundMethod()
#13 /var/html/pratica/vendor/laravel/framework/src/Illuminate/Container/Container.php(653): Illuminate\\Container\\BoundMethod::call()
#14 /var/html/pratica/vendor/laravel/framework/src/Illuminate/Console/Command.php(136): Illuminate\\Container\\Container->call()
#15 /var/html/pratica/vendor/symfony/console/Command/Command.php(291): Illuminate\\Console\\Command->execute()
#16 /var/html/pratica/vendor/laravel/framework/src/Illuminate/Console/Command.php(121): Symfony\\Component\\Console\\Command\\Command->run()
#17 /var/html/pratica/vendor/symfony/console/Application.php(989): Illuminate\\Console\\Command->run()
#18 /var/html/pratica/vendor/symfony/console/Application.php(299): Symfony\\Component\\Console\\Application->doRunCommand()
#19 /var/html/pratica/vendor/symfony/console/Application.php(171): Symfony\\Component\\Console\\Application->doRun()
#20 /var/html/pratica/vendor/laravel/framework/src/Illuminate/Console/Application.php(102): Symfony\\Component\\Console\\Application->run()
#21 /var/html/pratica/vendor/laravel/framework/src/Illuminate/Foundation/Console/Kernel.php(129): Illuminate\\Console\\Application->run()
#22 /var/html/pratica/artisan(37): Illuminate\\Foundation\\Console\\Kernel->handle()
#23 {main}

[previous exception] [object] (PDOException(code: 0): could not find driver at /var/html/pratica/vendor/laravel/framework/src/Illuminate/Database/Connectors/Connector.php:70)
[stacktrace]
#0 /var/html/pratica/vendor/laravel/framework/src/Illuminate/Database/Connectors/Connector.php(70): PDO->__construct()
#1 /var/html/pratica/vendor/laravel/framework/src/Illuminate/Database/Connectors/Connector.php(46): Illuminate\\Database\\Connectors\\Connector->createPdoConnection()
#2 /var/html/pratica/vendor/laravel/framework/src/Illuminate/Database/Connectors/MySqlConnector.php(24): Illuminate\\Database\\Connectors\\Connector->createConnection()
#3 /var/html/pratica/vendor/laravel/framework/src/Illuminate/Database/Connectors/ConnectionFactory.php(184): Illuminate\\Database\\Connectors\\MySqlConnector->connect()
#4 [internal function]: Illuminate\\Database\\Connectors\\ConnectionFactory->Illuminate\\Database\\Connectors\\{closure}()
#5 /var/html/pratica/vendor/laravel/framework/src/Illuminate/Database/Connection.php(1064): call_user_func()
#6 /var/html/pratica/vendor/laravel/framework/src/Illuminate/Database/Connection.php(1100): Illuminate\\Database\\Connection->getPdo()
#7 /var/html/pratica/vendor/laravel/framework/src/Illuminate/Database/Connection.php(442): Illuminate\\Database\\Connection->getReadPdo()
#8 /var/html/pratica/vendor/laravel/framework/src/Illuminate/Database/Connection.php(368): Illuminate\\Database\\Connection->getPdoForSelect()
#9 /var/html/pratica/vendor/laravel/framework/src/Illuminate/Database/Connection.php(709): Illuminate\\Database\\Connection->Illuminate\\Database\\{closure}()
#10 /var/html/pratica/vendor/laravel/framework/src/Illuminate/Database/Connection.php(676): Illuminate\\Database\\Connection->runQueryCallback()
#11 /var/html/pratica/vendor/laravel/framework/src/Illuminate/Database/Connection.php(376): Illuminate\\Database\\Connection->run()
#12 /var/html/pratica/vendor/laravel/framework/src/Illuminate/Database/Schema/MySqlBuilder.php(44): Illuminate\\Database\\Connection->select()
#13 /var/html/pratica/vendor/laravel/framework/src/Illuminate/Database/Migrations/DatabaseMigrationRepository.php(169): Illuminate\\Database\\Schema\\MySqlBuilder->hasTable()
#14 /var/html/pratica/vendor/laravel/framework/src/Illuminate/Database/Migrations/Migrator.php(673): Illuminate\\Database\\Migrations\\DatabaseMigrationRepository->repositoryExists()
#15 /var/html/pratica/vendor/laravel/framework/src/Illuminate/Database/Console/Migrations/MigrateCommand.php(106): Illuminate\\Database\\Migrations\\Migrator->repositoryExists()
#16 /var/html/pratica/vendor/laravel/framework/src/Illuminate/Database/Console/Migrations/MigrateCommand.php(77): Illuminate\\Database\\Console\\Migrations\\MigrateCommand->prepareDatabase()
#17 /var/html/pratica/vendor/laravel/framework/src/Illuminate/Database/Migrations/Migrator.php(606): Illuminate\\Database\\Console\\Migrations\\MigrateCommand->Illuminate\\Database\\Console\\Migrations\\{closure}()
#18 /var/html/pratica/vendor/laravel/framework/src/Illuminate/Database/Console/Migrations/MigrateCommand.php(94): Illuminate\\Database\\Migrations\\Migrator->usingConnection()
#19 /var/html/pratica/vendor/laravel/framework/src/Illuminate/Container/BoundMethod.php(36): Illuminate\\Database\\Console\\Migrations\\MigrateCommand->handle()
#20 /var/html/pratica/vendor/laravel/framework/src/Illuminate/Container/Util.php(41): Illuminate\\Container\\BoundMethod::Illuminate\\Container\\{closure}()
#21 /var/html/pratica/vendor/laravel/framework/src/Illuminate/Container/BoundMethod.php(93): Illuminate\\Container\\Util::unwrapIfClosure()
#22 /var/html/pratica/vendor/laravel/framework/src/Illuminate/Container/BoundMethod.php(37): Illuminate\\Container\\BoundMethod::callBoundMethod()
#23 /var/html/pratica/vendor/laravel/framework/src/Illuminate/Container/Container.php(653): Illuminate\\Container\\BoundMethod::call()
#24 /var/html/pratica/vendor/laravel/framework/src/Illuminate/Console/Command.php(136): Illuminate\\Container\\Container->call()
#25 /var/html/pratica/vendor/symfony/console/Command/Command.php(291): Illuminate\\Console\\Command->execute()
#26 /var/html/pratica/vendor/laravel/framework/src/Illuminate/Console/Command.php(121): Symfony\\Component\\Console\\Command\\Command->run()
#27 /var/html/pratica/vendor/symfony/console/Application.php(989): Illuminate\\Console\\Command->run()
#28 /var/html/pratica/vendor/symfony/console/Application.php(299): Symfony\\Component\\Console\\Application->doRunCommand()
#29 /var/html/pratica/vendor/symfony/console/Application.php(171): Symfony\\Component\\Console\\Application->doRun()
#30 /var/html/pratica/vendor/laravel/framework/src/Illuminate/Console/Application.php(102): Symfony\\Component\\Console\\Application->run()
#31 /var/html/pratica/vendor/laravel/framework/src/Illuminate/Foundation/Console/Kernel.php(129): Illuminate\\Console\\Application->run()
#32 /var/html/pratica/artisan(37): Illuminate\\Foundation\\Console\\Kernel->handle()
#33 {main}
"} 
